<?xml version="1.0" encoding="UTF-8"?>
<testsuites name="TS03 - Upload File Data Driven" time="21.931" tests="3" failures="0" errors="0">
   <testsuite name="TS03 - Upload File Data Driven" tests="3" failures="0" errors="0" time="21.931" skipped="0" timestamp="2023-05-30 15:50:30" hostname="adria - DESKTOP-2B5N6V0" id="Test Suites/TS03 - Upload File Data Driven">
      <properties>
         <property name="deviceName" value=""/>
         <property name="devicePlatform" value=""/>
         <property name="logFolder" value="C:\\Users\\adria\\git\\Katalon_Upload_FIle\\Reports\\20230530_155026\\TS03 - Upload File Data Driven\\20230530_155026"/>
         <property name="logFiles" value="C:\\Users\\adria\\git\\Katalon_Upload_FIle\\Reports\\20230530_155026\\TS03 - Upload File Data Driven\\20230530_155026\\execution0.log"/>
         <property name="attachments" value=""/>
         <property name="hostName" value="adria - DESKTOP-2B5N6V0"/>
         <property name="os" value="Windows 10 64bit"/>
         <property name="katalonVersion" value="8.6.0.208"/>
         <property name="browser" value="Chrome 113.0.0.0"/>
         <property name="hostAddress" value="192.168.100.2"/>
         <property name="sessionId" value="98b06b6e367882abbbb1bf5cc901e198"/>
         <property name="seleniumVersion" value="3.141.59"/>
         <property name="proxyInformation" value="ProxyInformation { proxyOption=NO_PROXY, proxyServerType=HTTP, username=, password=********, proxyServerAddress=, proxyServerPort=0, executionList=&quot;&quot;, isApplyToDesiredCapabilities=true }"/>
         <property name="platform" value="Windows 10"/>
      </properties>
      <testcase name="Test Cases/TS03 - Upload File Data Driven" time="8.789" classname="Test Cases/TS03 - Upload File Data Driven" status="PASSED">
         <system-out><![CDATA[2023-05-30 15:50:30 - [TEST_CASE][PASSED] - Test Cases/TS03 - Upload File Data Driven: Test Cases/TS03 - Upload File Data Driven

2023-05-30 15:50:31 - [TEST_STEP][PASSED] - openBrowser(""): Browser is opened with url: ''

2023-05-30 15:50:31 - [MESSAGE][INFO] - Starting 'Chrome' driver

2023-05-30 15:50:31 - [MESSAGE][INFO] - Action delay is set to 0 milliseconds

2023-05-30 15:50:34 - [MESSAGE][PASSED] - Browser is opened with url: ''

2023-05-30 15:50:34 - [TEST_STEP][PASSED] - navigateToUrl("http://the-internet.herokuapp.com/upload"): Navigate to 'http://the-internet.herokuapp.com/upload' successfully

2023-05-30 15:50:37 - [MESSAGE][PASSED] - Navigate to 'http://the-internet.herokuapp.com/upload' successfully

2023-05-30 15:50:37 - [TEST_STEP][PASSED] - uploadFile(findTestObject("Choose_file_btn"), path): File 'D:\Coding.ID\Advanced Class\Task\Katalon Upload File\File Test\dummy file 1.ipynb' sent to object: 'Object Repository/Choose_file_btn'

2023-05-30 15:50:37 - [MESSAGE][PASSED] - File 'D:\Coding.ID\Advanced Class\Task\Katalon Upload File\File Test\dummy file 1.ipynb' sent to object: 'Object Repository/Choose_file_btn'

2023-05-30 15:50:37 - [TEST_STEP][PASSED] - click(findTestObject("upload_btn")): Object: 'Object Repository/upload_btn' is clicked on

2023-05-30 15:50:38 - [MESSAGE][PASSED] - Object: 'Object Repository/upload_btn' is clicked on

2023-05-30 15:50:38 - [TEST_STEP][PASSED] - verifyTextPresent("File Uploaded!", false): Text 'File Uploaded!' is present on page 

2023-05-30 15:50:38 - [MESSAGE][PASSED] - Text 'File Uploaded!' is present on page 

2023-05-30 15:50:38 - [TEST_STEP][PASSED] - closeBrowser(): Browser is closed

2023-05-30 15:50:39 - [MESSAGE][PASSED] - Browser is closed]]></system-out>
         <system-err><![CDATA[]]></system-err>
      </testcase>
      <testcase name="Test Cases/TS03 - Upload File Data Driven" time="6.26" classname="Test Cases/TS03 - Upload File Data Driven" status="PASSED">
         <system-out><![CDATA[2023-05-30 15:50:39 - [TEST_CASE][PASSED] - Test Cases/TS03 - Upload File Data Driven: Test Cases/TS03 - Upload File Data Driven

2023-05-30 15:50:39 - [TEST_STEP][PASSED] - openBrowser(""): Browser is opened with url: ''

2023-05-30 15:50:39 - [MESSAGE][INFO] - Starting 'Chrome' driver

2023-05-30 15:50:39 - [MESSAGE][INFO] - Action delay is set to 0 milliseconds

2023-05-30 15:50:40 - [MESSAGE][PASSED] - Browser is opened with url: ''

2023-05-30 15:50:40 - [TEST_STEP][PASSED] - navigateToUrl("http://the-internet.herokuapp.com/upload"): Navigate to 'http://the-internet.herokuapp.com/upload' successfully

2023-05-30 15:50:43 - [MESSAGE][PASSED] - Navigate to 'http://the-internet.herokuapp.com/upload' successfully

2023-05-30 15:50:43 - [TEST_STEP][PASSED] - uploadFile(findTestObject("Choose_file_btn"), path): File 'D:\Coding.ID\Advanced Class\Task\Katalon Upload File\File Test\dummy file 2.ipynb' sent to object: 'Object Repository/Choose_file_btn'

2023-05-30 15:50:44 - [MESSAGE][PASSED] - File 'D:\Coding.ID\Advanced Class\Task\Katalon Upload File\File Test\dummy file 2.ipynb' sent to object: 'Object Repository/Choose_file_btn'

2023-05-30 15:50:44 - [TEST_STEP][PASSED] - click(findTestObject("upload_btn")): Object: 'Object Repository/upload_btn' is clicked on

2023-05-30 15:50:44 - [MESSAGE][PASSED] - Object: 'Object Repository/upload_btn' is clicked on

2023-05-30 15:50:44 - [TEST_STEP][PASSED] - verifyTextPresent("File Uploaded!", false): Text 'File Uploaded!' is present on page 

2023-05-30 15:50:45 - [MESSAGE][PASSED] - Text 'File Uploaded!' is present on page 

2023-05-30 15:50:45 - [TEST_STEP][PASSED] - closeBrowser(): Browser is closed

2023-05-30 15:50:45 - [MESSAGE][PASSED] - Browser is closed]]></system-out>
         <system-err><![CDATA[]]></system-err>
      </testcase>
      <testcase name="Test Cases/TS03 - Upload File Data Driven" time="6.26" classname="Test Cases/TS03 - Upload File Data Driven" status="PASSED">
         <system-out><![CDATA[2023-05-30 15:50:45 - [TEST_CASE][PASSED] - Test Cases/TS03 - Upload File Data Driven: Test Cases/TS03 - Upload File Data Driven

2023-05-30 15:50:45 - [TEST_STEP][PASSED] - openBrowser(""): Browser is opened with url: ''

2023-05-30 15:50:45 - [MESSAGE][INFO] - Starting 'Chrome' driver

2023-05-30 15:50:45 - [MESSAGE][INFO] - Action delay is set to 0 milliseconds

2023-05-30 15:50:47 - [MESSAGE][PASSED] - Browser is opened with url: ''

2023-05-30 15:50:47 - [TEST_STEP][PASSED] - navigateToUrl("http://the-internet.herokuapp.com/upload"): Navigate to 'http://the-internet.herokuapp.com/upload' successfully

2023-05-30 15:50:49 - [MESSAGE][PASSED] - Navigate to 'http://the-internet.herokuapp.com/upload' successfully

2023-05-30 15:50:49 - [TEST_STEP][PASSED] - uploadFile(findTestObject("Choose_file_btn"), path): File 'D:\Coding.ID\Advanced Class\Task\Katalon Upload File\File Test\dummy file 3.ipynb' sent to object: 'Object Repository/Choose_file_btn'

2023-05-30 15:50:50 - [MESSAGE][PASSED] - File 'D:\Coding.ID\Advanced Class\Task\Katalon Upload File\File Test\dummy file 3.ipynb' sent to object: 'Object Repository/Choose_file_btn'

2023-05-30 15:50:50 - [TEST_STEP][PASSED] - click(findTestObject("upload_btn")): Object: 'Object Repository/upload_btn' is clicked on

2023-05-30 15:50:51 - [MESSAGE][PASSED] - Object: 'Object Repository/upload_btn' is clicked on

2023-05-30 15:50:51 - [TEST_STEP][PASSED] - verifyTextPresent("File Uploaded!", false): Text 'File Uploaded!' is present on page 

2023-05-30 15:50:51 - [MESSAGE][PASSED] - Text 'File Uploaded!' is present on page 

2023-05-30 15:50:51 - [TEST_STEP][PASSED] - closeBrowser(): Browser is closed

2023-05-30 15:50:52 - [MESSAGE][PASSED] - Browser is closed]]></system-out>
         <system-err><![CDATA[]]></system-err>
      </testcase>
      <system-out><![CDATA[2023-05-30 15:50:30 - [TEST_SUITE][PASSED] - TS03 - Upload File Data Driven: Test Cases/TS03 - Upload File Data Driven]]></system-out>
      <system-err><![CDATA[]]></system-err>
   </testsuite>
</testsuites>
